Arguments: 
  C:\Program Files\nodejs\node.exe C:\Users\Олег\AppData\Roaming\npm\node_modules\yarn\bin\yarn.js add react-native-app-intro

PATH: 
  C:\Program Files\Haskell\bin;C:\Program Files\Haskell Platform\8.4.3\lib\extralibs\bin;C:\Program Files\Haskell Platform\8.4.3\bin;C:\RailsInstaller\Git\cmd;C:\RailsInstaller\Ruby2.3.3\bin;C:\Program Files (x86)\Common Files\Oracle\Java\javapath;C:\ProgramData\Oracle\Java\javapath;C:\Windows\system32;C:\Windows;C:\Windows\System32\Wbem;C:\Windows\System32\WindowsPowerShell\v1.0\;C:\Program Files (x86)\NVIDIA Corporation\PhysX\Common;C:\Program Files\nodejs\;C:\Program Files\Git\cmd;C:\Users\Олег\Downloads\php-7.2.7-Win32-VC15-x64;C:\ProgramData\ComposerSetup\bin;C:\Program Files\Haskell Platform\8.4.3\mingw\bin;C:\Program Files\Microsoft SQL Server\Client SDK\ODBC\110\Tools\Binn\;C:\Program Files (x86)\Microsoft SQL Server\120\Tools\Binn\;C:\Program Files\Microsoft SQL Server\120\Tools\Binn\;C:\Program Files\Microsoft SQL Server\120\DTS\Binn\;C:\Users\Олег\AppData\Roaming\cabal\bin;C:\Users\Олег\AppData\Roaming\local\bin;C:\Users\Олег\AppData\Local\Programs\Python\Python37\Scripts\;C:\Users\Олег\AppData\Local\Programs\Python\Python37\;C:\Users\Олег\AppData\Roaming\npm;C:\Program Files\Heroku\bin;C:\Program Files\Microsoft VS Code\bin;C:\Users\Олег\AppData\Roaming\Composer\vendor\bin

Yarn version: 
  1.5.1

Node version: 
  8.11.1

Platform: 
  win32 x64

npm manifest: 
  {
    "name": "empty-project-template",
    "main": "node_modules/expo/AppEntry.js",
    "private": true,
    "scripts": {
      "start": "expo start",
      "android": "expo start --android",
      "ios": "expo start --ios",
      "eject": "expo eject"
    },
    "dependencies": {
      "expo": "^30.0.1",
      "react": "16.3.1",
      "react-native": "https://github.com/expo/react-native/archive/sdk-30.0.0.tar.gz",
      "react-native-extended-stylesheet": "^0.10.0",
      "react-navigation": "^2.17.0",
      "react-redux": "^5.0.7",
      "redux": "^4.0.0"
    }
  }

yarn manifest: 
  No manifest

Lockfile: 
  No lockfile

Trace: 
  Error: Refusing to download the git repo {"hostname":"github.com","protocol":"https:","repository":"https://github.com/FuYaoDe/react-native-swiper.git"} over HTTPS without a commit hash - possible certificate error?
      at SecurityError.MessageError (C:\Users\Олег\AppData\Roaming\npm\node_modules\yarn\lib\cli.js:186:110)
      at new SecurityError (C:\Users\Олег\AppData\Roaming\npm\node_modules\yarn\lib\cli.js:215:113)
      at Function.<anonymous> (C:\Users\Олег\AppData\Roaming\npm\node_modules\yarn\lib\cli.js:51972:17)
      at Generator.next (<anonymous>)
      at step (C:\Users\Олег\AppData\Roaming\npm\node_modules\yarn\lib\cli.js:98:30)
      at C:\Users\Олег\AppData\Roaming\npm\node_modules\yarn\lib\cli.js:109:13
      at <anonymous>
      at process._tickCallback (internal/process/next_tick.js:188:7)
